# JRE version: Java(TM) SE Runtime Environment (8.0_171-b11) (build 1.8.0_171-b11)
# Java VM: Java HotSpot(TM) 64-Bit Server VM (25.171-b11 mixed mode bsd-amd64 compressed oops)
Heap:
 PSYoungGen      total 619008K, used 72041K [0x0000000795580000, 0x00000007c0000000, 0x00000007c0000000)
  eden space 540160K, 3% used [0x0000000795580000,0x0000000796a96520,0x00000007b6500000)
  from space 78848K, 63% used [0x00000007bb300000,0x00000007be444050,0x00000007c0000000)
  to   space 79360K, 0% used [0x00000007b6500000,0x00000007b6500000,0x00000007bb280000)
 ParOldGen       total 194048K, used 73860K [0x0000000740000000, 0x000000074bd80000, 0x0000000795580000)
  object space 194048K, 38% used [0x0000000740000000,0x0000000744821328,0x000000074bd80000)
 Metaspace       used 11010K, capacity 11272K, committed 11520K, reserved 1058816K
  class space    used 1168K, capacity 1273K, committed 1280K, reserved 1048576K
GC Heap History (10 events):
Event: 1928.079 GC heap before
{Heap before GC invocations=2096 (full 2):
 PSYoungGen      total 544256K, used 543952K [0x0000000795580000, 0x00000007c0000000, 0x00000007c0000000)
  eden space 542720K, 100% used [0x0000000795580000,0x00000007b6780000,0x00000007b6780000)
  from space 1536K, 80% used [0x00000007b6780000,0x00000007b68b4060,0x00000007b6900000)
  to   space 79872K, 0% used [0x00000007bb200000,0x00000007bb200000,0x00000007c0000000)
 ParOldGen       total 194048K, used 73828K [0x0000000740000000, 0x000000074bd80000, 0x0000000795580000)
  object space 194048K, 38% used [0x0000000740000000,0x0000000744819328,0x000000074bd80000)
 Metaspace       used 11010K, capacity 11272K, committed 11520K, reserved 1058816K
  class space    used 1168K, capacity 1273K, committed 1280K, reserved 1048576K
Event: 1928.115 GC heap after
Heap after GC invocations=2096 (full 2):
 PSYoungGen      total 621568K, used 40768K [0x0000000795580000, 0x00000007c0000000, 0x00000007c0000000)
  eden space 541696K, 0% used [0x0000000795580000,0x0000000795580000,0x00000007b6680000)
  from space 79872K, 51% used [0x00000007bb200000,0x00000007bd9d0398,0x00000007c0000000)
  to   space 77312K, 0% used [0x00000007b6680000,0x00000007b6680000,0x00000007bb200000)
 ParOldGen       total 194048K, used 73828K [0x0000000740000000, 0x000000074bd80000, 0x0000000795580000)
  object space 194048K, 38% used [0x0000000740000000,0x0000000744819328,0x000000074bd80000)
 Metaspace       used 11010K, capacity 11272K, committed 11520K, reserved 1058816K
  class space    used 1168K, capacity 1273K, committed 1280K, reserved 1048576K
}
Event: 1928.797 GC heap before
{Heap before GC invocations=2097 (full 2):
 PSYoungGen      total 621568K, used 582464K [0x0000000795580000, 0x00000007c0000000, 0x00000007c0000000)
  eden space 541696K, 100% used [0x0000000795580000,0x00000007b6680000,0x00000007b6680000)
  from space 79872K, 51% used [0x00000007bb200000,0x00000007bd9d0398,0x00000007c0000000)
  to   space 77312K, 0% used [0x00000007b6680000,0x00000007b6680000,0x00000007bb200000)
 ParOldGen       total 194048K, used 73828K [0x0000000740000000, 0x000000074bd80000, 0x0000000795580000)
  object space 194048K, 38% used [0x0000000740000000,0x0000000744819328,0x000000074bd80000)
 Metaspace       used 11010K, capacity 11272K, committed 11520K, reserved 1058816K
  class space    used 1168K, capacity 1273K, committed 1280K, reserved 1048576K
Event: 1928.847 GC heap after
Heap after GC invocations=2097 (full 2):
 PSYoungGen      total 619008K, used 47264K [0x0000000795580000, 0x00000007bfd80000, 0x00000007c0000000)
  eden space 541696K, 0% used [0x0000000795580000,0x0000000795580000,0x00000007b6680000)
  from space 77312K, 61% used [0x00000007b6680000,0x00000007b94a8030,0x00000007bb200000)
  to   space 77312K, 0% used [0x00000007bb200000,0x00000007bb200000,0x00000007bfd80000)
 ParOldGen       total 194048K, used 73828K [0x0000000740000000, 0x000000074bd80000, 0x0000000795580000)
  object space 194048K, 38% used [0x0000000740000000,0x0000000744819328,0x000000074bd80000)
 Metaspace       used 11010K, capacity 11272K, committed 11520K, reserved 1058816K
  class space    used 1168K, capacity 1273K, committed 1280K, reserved 1048576K
}
Event: 1929.599 GC heap before
{Heap before GC invocations=2098 (full 2):
 PSYoungGen      total 619008K, used 588960K [0x0000000795580000, 0x00000007bfd80000, 0x00000007c0000000)
  eden space 541696K, 100% used [0x0000000795580000,0x00000007b6680000,0x00000007b6680000)
  from space 77312K, 61% used [0x00000007b6680000,0x00000007b94a8030,0x00000007bb200000)
  to   space 77312K, 0% used [0x00000007bb200000,0x00000007bb200000,0x00000007bfd80000)
 ParOldGen       total 194048K, used 73828K [0x0000000740000000, 0x000000074bd80000, 0x0000000795580000)
  object space 194048K, 38% used [0x0000000740000000,0x0000000744819328,0x000000074bd80000)
 Metaspace       used 11010K, capacity 11272K, committed 11520K, reserved 1058816K
  class space    used 1168K, capacity 1273K, committed 1280K, reserved 1048576K
Event: 1929.606 GC heap after
Heap after GC invocations=2098 (full 2):
 PSYoungGen      total 619008K, used 12863K [0x0000000795580000, 0x00000007c0000000, 0x00000007c0000000)
  eden space 541696K, 0% used [0x0000000795580000,0x0000000795580000,0x00000007b6680000)
  from space 77312K, 16% used [0x00000007bb200000,0x00000007bbe8fca0,0x00000007bfd80000)
  to   space 77312K, 0% used [0x00000007b6680000,0x00000007b6680000,0x00000007bb200000)
 ParOldGen       total 194048K, used 73828K [0x0000000740000000, 0x000000074bd80000, 0x0000000795580000)
  object space 194048K, 38% used [0x0000000740000000,0x0000000744819328,0x000000074bd80000)
 Metaspace       used 11010K, capacity 11272K, committed 11520K, reserved 1058816K
  class space    used 1168K, capacity 1273K, committed 1280K, reserved 1048576K
}
Event: 1930.326 GC heap before
{Heap before GC invocations=2099 (full 2):
 PSYoungGen      total 619008K, used 554559K [0x0000000795580000, 0x00000007c0000000, 0x00000007c0000000)
  eden space 541696K, 100% used [0x0000000795580000,0x00000007b6680000,0x00000007b6680000)
  from space 77312K, 16% used [0x00000007bb200000,0x00000007bbe8fca0,0x00000007bfd80000)
  to   space 77312K, 0% used [0x00000007b6680000,0x00000007b6680000,0x00000007bb200000)
 ParOldGen       total 194048K, used 73828K [0x0000000740000000, 0x000000074bd80000, 0x0000000795580000)
  object space 194048K, 38% used [0x0000000740000000,0x0000000744819328,0x000000074bd80000)
 Metaspace       used 11010K, capacity 11272K, committed 11520K, reserved 1058816K
  class space    used 1168K, capacity 1273K, committed 1280K, reserved 1048576K
Event: 1930.371 GC heap after
Heap after GC invocations=2099 (full 2):
 PSYoungGen      total 619008K, used 49824K [0x0000000795580000, 0x00000007c0000000, 0x00000007c0000000)
  eden space 541696K, 0% used [0x0000000795580000,0x0000000795580000,0x00000007b6680000)
  from space 77312K, 64% used [0x00000007b6680000,0x00000007b9728398,0x00000007bb200000)
  to   space 78848K, 0% used [0x00000007bb300000,0x00000007bb300000,0x00000007c0000000)
 ParOldGen       total 194048K, used 73844K [0x0000000740000000, 0x000000074bd80000, 0x0000000795580000)
  object space 194048K, 38% used [0x0000000740000000,0x000000074481d328,0x000000074bd80000)
 Metaspace       used 11010K, capacity 11272K, committed 11520K, reserved 1058816K
  class space    used 1168K, capacity 1273K, committed 1280K, reserved 1048576K
}
Event: 1931.649 GC heap before
{Heap before GC invocations=2100 (full 2):
 PSYoungGen      total 619008K, used 591520K [0x0000000795580000, 0x00000007c0000000, 0x00000007c0000000)
  eden space 541696K, 100% used [0x0000000795580000,0x00000007b6680000,0x00000007b6680000)
  from space 77312K, 64% used [0x00000007b6680000,0x00000007b9728398,0x00000007bb200000)
  to   space 78848K, 0% used [0x00000007bb300000,0x00000007bb300000,0x00000007c0000000)
 ParOldGen       total 194048K, used 73844K [0x0000000740000000, 0x000000074bd80000, 0x0000000795580000)
  object space 194048K, 38% used [0x0000000740000000,0x000000074481d328,0x000000074bd80000)
 Metaspace       used 11010K, capacity 11272K, committed 11520K, reserved 1058816K
  class space    used 1168K, capacity 1273K, committed 1280K, reserved 1048576K
Event: 1931.751 GC heap after
Heap after GC invocations=2100 (full 2):
 PSYoungGen      total 619008K, used 50448K [0x0000000795580000, 0x00000007c0000000, 0x00000007c0000000)
  eden space 540160K, 0% used [0x0000000795580000,0x0000000795580000,0x00000007b6500000)
  from space 78848K, 63% used [0x00000007bb300000,0x00000007be444050,0x00000007c0000000)
  to   space 79360K, 0% used [0x00000007b6500000,0x00000007b6500000,0x00000007bb280000)
 ParOldGen       total 194048K, used 73860K [0x0000000740000000, 0x000000074bd80000, 0x0000000795580000)
  object space 194048K, 38% used [0x0000000740000000,0x0000000744821328,0x000000074bd80000)
 Metaspace       used 11010K, capacity 11272K, committed 11520K, reserved 1058816K
  class space    used 1168K, capacity 1273K, committed 1280K, reserved 1048576K
}

