# JRE version: Java(TM) SE Runtime Environment (8.0_171-b11) (build 1.8.0_171-b11)
# Java VM: Java HotSpot(TM) 64-Bit Server VM (25.171-b11 mixed mode bsd-amd64 compressed oops)
Heap:
 PSYoungGen      total 611328K, used 538789K [0x0000000795580000, 0x00000007c0000000, 0x00000007c0000000)
  eden space 532992K, 90% used [0x0000000795580000,0x00000007b2a816f0,0x00000007b5e00000)
  from space 78336K, 74% used [0x00000007bb180000,0x00000007beaa8070,0x00000007bfe00000)
  to   space 82944K, 0% used [0x00000007b5e00000,0x00000007b5e00000,0x00000007baf00000)
 ParOldGen       total 242176K, used 185874K [0x0000000740000000, 0x000000074ec80000, 0x0000000795580000)
  object space 242176K, 76% used [0x0000000740000000,0x000000074b584ac8,0x000000074ec80000)
 Metaspace       used 10996K, capacity 11272K, committed 11520K, reserved 1058816K
  class space    used 1168K, capacity 1273K, committed 1280K, reserved 1048576K
GC Heap History (10 events):
Event: 1730.428 GC heap before
{Heap before GC invocations=1912 (full 2):
 PSYoungGen      total 618496K, used 544553K [0x0000000795580000, 0x00000007c0000000, 0x00000007c0000000)
  eden space 540160K, 100% used [0x0000000795580000,0x00000007b6500000,0x00000007b6500000)
  from space 78336K, 5% used [0x00000007b6500000,0x00000007b694a778,0x00000007bb180000)
  to   space 79872K, 0% used [0x00000007bb200000,0x00000007bb200000,0x00000007c0000000)
 ParOldGen       total 242176K, used 185874K [0x0000000740000000, 0x000000074ec80000, 0x0000000795580000)
  object space 242176K, 76% used [0x0000000740000000,0x000000074b584ac8,0x000000074ec80000)
 Metaspace       used 10996K, capacity 11272K, committed 11520K, reserved 1058816K
  class space    used 1168K, capacity 1273K, committed 1280K, reserved 1048576K
Event: 1730.486 GC heap after
Heap after GC invocations=1912 (full 2):
 PSYoungGen      total 619008K, used 45344K [0x0000000795580000, 0x00000007c0000000, 0x00000007c0000000)
  eden space 539136K, 0% used [0x0000000795580000,0x0000000795580000,0x00000007b6400000)
  from space 79872K, 56% used [0x00000007bb200000,0x00000007bde483a8,0x00000007c0000000)
  to   space 79872K, 0% used [0x00000007b6400000,0x00000007b6400000,0x00000007bb200000)
 ParOldGen       total 242176K, used 185874K [0x0000000740000000, 0x000000074ec80000, 0x0000000795580000)
  object space 242176K, 76% used [0x0000000740000000,0x000000074b584ac8,0x000000074ec80000)
 Metaspace       used 10996K, capacity 11272K, committed 11520K, reserved 1058816K
  class space    used 1168K, capacity 1273K, committed 1280K, reserved 1048576K
}
Event: 1731.236 GC heap before
{Heap before GC invocations=1913 (full 2):
 PSYoungGen      total 619008K, used 584480K [0x0000000795580000, 0x00000007c0000000, 0x00000007c0000000)
  eden space 539136K, 100% used [0x0000000795580000,0x00000007b6400000,0x00000007b6400000)
  from space 79872K, 56% used [0x00000007bb200000,0x00000007bde483a8,0x00000007c0000000)
  to   space 79872K, 0% used [0x00000007b6400000,0x00000007b6400000,0x00000007bb200000)
 ParOldGen       total 242176K, used 185874K [0x0000000740000000, 0x000000074ec80000, 0x0000000795580000)
  object space 242176K, 76% used [0x0000000740000000,0x000000074b584ac8,0x000000074ec80000)
 Metaspace       used 10996K, capacity 11272K, committed 11520K, reserved 1058816K
  class space    used 1168K, capacity 1273K, committed 1280K, reserved 1048576K
Event: 1731.302 GC heap after
Heap after GC invocations=1913 (full 2):
 PSYoungGen      total 587264K, used 48096K [0x0000000795580000, 0x00000007c0000000, 0x00000007c0000000)
  eden space 539136K, 0% used [0x0000000795580000,0x0000000795580000,0x00000007b6400000)
  from space 48128K, 99% used [0x00000007b6400000,0x00000007b92f8060,0x00000007b9300000)
  to   space 80384K, 0% used [0x00000007bb180000,0x00000007bb180000,0x00000007c0000000)
 ParOldGen       total 242176K, used 185874K [0x0000000740000000, 0x000000074ec80000, 0x0000000795580000)
  object space 242176K, 76% used [0x0000000740000000,0x000000074b584ac8,0x000000074ec80000)
 Metaspace       used 10996K, capacity 11272K, committed 11520K, reserved 1058816K
  class space    used 1168K, capacity 1273K, committed 1280K, reserved 1048576K
}
Event: 1732.129 GC heap before
{Heap before GC invocations=1914 (full 2):
 PSYoungGen      total 587264K, used 587232K [0x0000000795580000, 0x00000007c0000000, 0x00000007c0000000)
  eden space 539136K, 100% used [0x0000000795580000,0x00000007b6400000,0x00000007b6400000)
  from space 48128K, 99% used [0x00000007b6400000,0x00000007b92f8060,0x00000007b9300000)
  to   space 80384K, 0% used [0x00000007bb180000,0x00000007bb180000,0x00000007c0000000)
 ParOldGen       total 242176K, used 185874K [0x0000000740000000, 0x000000074ec80000, 0x0000000795580000)
  object space 242176K, 76% used [0x0000000740000000,0x000000074b584ac8,0x000000074ec80000)
 Metaspace       used 10996K, capacity 11272K, committed 11520K, reserved 1058816K
  class space    used 1168K, capacity 1273K, committed 1280K, reserved 1048576K
Event: 1732.146 GC heap after
Heap after GC invocations=1914 (full 2):
 PSYoungGen      total 620544K, used 21664K [0x0000000795580000, 0x00000007c0000000, 0x00000007c0000000)
  eden space 540160K, 0% used [0x0000000795580000,0x0000000795580000,0x00000007b6500000)
  from space 80384K, 26% used [0x00000007bb180000,0x00000007bc6a8388,0x00000007c0000000)
  to   space 78336K, 0% used [0x00000007b6500000,0x00000007b6500000,0x00000007bb180000)
 ParOldGen       total 242176K, used 185874K [0x0000000740000000, 0x000000074ec80000, 0x0000000795580000)
  object space 242176K, 76% used [0x0000000740000000,0x000000074b584ac8,0x000000074ec80000)
 Metaspace       used 10996K, capacity 11272K, committed 11520K, reserved 1058816K
  class space    used 1168K, capacity 1273K, committed 1280K, reserved 1048576K
}
Event: 1732.945 GC heap before
{Heap before GC invocations=1915 (full 2):
 PSYoungGen      total 620544K, used 561824K [0x0000000795580000, 0x00000007c0000000, 0x00000007c0000000)
  eden space 540160K, 100% used [0x0000000795580000,0x00000007b6500000,0x00000007b6500000)
  from space 80384K, 26% used [0x00000007bb180000,0x00000007bc6a8388,0x00000007c0000000)
  to   space 78336K, 0% used [0x00000007b6500000,0x00000007b6500000,0x00000007bb180000)
 ParOldGen       total 242176K, used 185874K [0x0000000740000000, 0x000000074ec80000, 0x0000000795580000)
  object space 242176K, 76% used [0x0000000740000000,0x000000074b584ac8,0x000000074ec80000)
 Metaspace       used 10996K, capacity 11272K, committed 11520K, reserved 1058816K
  class space    used 1168K, capacity 1273K, committed 1280K, reserved 1048576K
Event: 1733.004 GC heap after
Heap after GC invocations=1915 (full 2):
 PSYoungGen      total 618496K, used 47040K [0x0000000795580000, 0x00000007bfe00000, 0x00000007c0000000)
  eden space 540160K, 0% used [0x0000000795580000,0x0000000795580000,0x00000007b6500000)
  from space 78336K, 60% used [0x00000007b6500000,0x00000007b92f0040,0x00000007bb180000)
  to   space 78336K, 0% used [0x00000007bb180000,0x00000007bb180000,0x00000007bfe00000)
 ParOldGen       total 242176K, used 185874K [0x0000000740000000, 0x000000074ec80000, 0x0000000795580000)
  object space 242176K, 76% used [0x0000000740000000,0x000000074b584ac8,0x000000074ec80000)
 Metaspace       used 10996K, capacity 11272K, committed 11520K, reserved 1058816K
  class space    used 1168K, capacity 1273K, committed 1280K, reserved 1048576K
}
Event: 1733.782 GC heap before
{Heap before GC invocations=1916 (full 2):
 PSYoungGen      total 618496K, used 587200K [0x0000000795580000, 0x00000007bfe00000, 0x00000007c0000000)
  eden space 540160K, 100% used [0x0000000795580000,0x00000007b6500000,0x00000007b6500000)
  from space 78336K, 60% used [0x00000007b6500000,0x00000007b92f0040,0x00000007bb180000)
  to   space 78336K, 0% used [0x00000007bb180000,0x00000007bb180000,0x00000007bfe00000)
 ParOldGen       total 242176K, used 185874K [0x0000000740000000, 0x000000074ec80000, 0x0000000795580000)
  object space 242176K, 76% used [0x0000000740000000,0x000000074b584ac8,0x000000074ec80000)
 Metaspace       used 10996K, capacity 11272K, committed 11520K, reserved 1058816K
  class space    used 1168K, capacity 1273K, committed 1280K, reserved 1048576K
Event: 1733.865 GC heap after
Heap after GC invocations=1916 (full 2):
 PSYoungGen      total 611328K, used 58528K [0x0000000795580000, 0x00000007c0000000, 0x00000007c0000000)
  eden space 532992K, 0% used [0x0000000795580000,0x0000000795580000,0x00000007b5e00000)
  from space 78336K, 74% used [0x00000007bb180000,0x00000007beaa8070,0x00000007bfe00000)
  to   space 82944K, 0% used [0x00000007b5e00000,0x00000007b5e00000,0x00000007baf00000)
 ParOldGen       total 242176K, used 185874K [0x0000000740000000, 0x000000074ec80000, 0x0000000795580000)
  object space 242176K, 76% used [0x0000000740000000,0x000000074b584ac8,0x000000074ec80000)
 Metaspace       used 10996K, capacity 11272K, committed 11520K, reserved 1058816K
  class space    used 1168K, capacity 1273K, committed 1280K, reserved 1048576K
}

